<?xml version="1.0" encoding="UTF-8"?>
<testsuite xmlns:xsi="http://www.w3.org/2001/XMLSchema-instance" xsi:noNamespaceSchemaLocation="https://maven.apache.org/surefire/maven-surefire-plugin/xsd/surefire-test-report-3.0.xsd" version="3.0" name="com.hellblazer.art.core.ParametersTest" time="0.023" tests="21" errors="0" skipped="0" failures="0">
  <properties>
[...]
</properties>
  <testcase name="testHypersphereParametersDefaults" classname="com.hellblazer.art.core.ParametersTest" time="0.001"/>
  <testcase name="testParametersEquality" classname="com.hellblazer.art.core.ParametersTest" time="0.006"/>
  <testcase name="testGaussianParametersDefaultSigma" classname="com.hellblazer.art.core.ParametersTest" time="0"/>
  <testcase name="testParametersWithMethods" classname="com.hellblazer.art.core.ParametersTest" time="0.001"/>
  <testcase name="testFuzzyParametersAlphaValidation(double)[1]" classname="com.hellblazer.art.core.ParametersTest" time="0.002"/>
  <testcase name="testFuzzyParametersAlphaValidation(double)[2]" classname="com.hellblazer.art.core.ParametersTest" time="0"/>
  <testcase name="testFuzzyParametersDefaults" classname="com.hellblazer.art.core.ParametersTest" time="0"/>
  <testcase name="testHypersphereParametersRadiusValidation" classname="com.hellblazer.art.core.ParametersTest" time="0.001"/>
  <testcase name="testFuzzyParametersBetaValidation(double)[1]" classname="com.hellblazer.art.core.ParametersTest" time="0"/>
  <testcase name="testFuzzyParametersBetaValidation(double)[2]" classname="com.hellblazer.art.core.ParametersTest" time="0"/>
  <testcase name="testFuzzyParametersBetaValidation(double)[3]" classname="com.hellblazer.art.core.ParametersTest" time="0.001"/>
  <testcase name="testFuzzyParametersBetaValidation(double)[4]" classname="com.hellblazer.art.core.ParametersTest" time="0"/>
  <testcase name="testFuzzyParameters" classname="com.hellblazer.art.core.ParametersTest" time="0"/>
  <testcase name="testGaussianParametersSigmaValidation" classname="com.hellblazer.art.core.ParametersTest" time="0.001"/>
  <testcase name="testHypersphereParameters" classname="com.hellblazer.art.core.ParametersTest" time="0.001"/>
  <testcase name="testFuzzyParametersVigilanceValidation(double)[1]" classname="com.hellblazer.art.core.ParametersTest" time="0.001"/>
  <testcase name="testFuzzyParametersVigilanceValidation(double)[2]" classname="com.hellblazer.art.core.ParametersTest" time="0"/>
  <testcase name="testFuzzyParametersVigilanceValidation(double)[3]" classname="com.hellblazer.art.core.ParametersTest" time="0.001"/>
  <testcase name="testFuzzyParametersVigilanceValidation(double)[4]" classname="com.hellblazer.art.core.ParametersTest" time="0"/>
  <testcase name="testParametersBuilder" classname="com.hellblazer.art.core.ParametersTest" time="0.001"/>
  <testcase name="testGaussianParameters" classname="com.hellblazer.art.core.ParametersTest" time="0"/>
</testsuite>